#
# A fatal error has been detected by the Java Runtime Environment:
#
#  EXCEPTION_ACCESS_VIOLATION (0xc0000005) at pc=0x00000000690e7a54, pid=6652, tid=6088
#
# JRE version: Java(TM) SE Runtime Environment (9.0+11) (build 9.0.4+11)
# Java VM: Java HotSpot(TM) 64-Bit Server VM (9.0.4+11, mixed mode, tiered, compressed oops, g1 gc, windows-amd64)
# Problematic frame:
# V  [jvm.dll+0x217a54]
#
# No core dump will be written. Minidumps are not enabled by default on client versions of Windows
#
# If you would like to submit a bug report, please visit:
#   http://bugreport.java.com/bugreport/crash.jsp
#

---------------  S U M M A R Y ------------

Command Line: -agentlib:jdwp=transport=dt_socket,suspend=y,address=localhost:61067 -ea -Dfile.encoding=UTF-8 org.eclipse.jdt.internal.junit.runner.RemoteTestRunner -version 3 -port 61066 -testLoaderClass org.eclipse.jdt.internal.junit5.runner.JUnit5TestLoader -loaderpluginname org.eclipse.jdt.junit5.runtime -classNames ch.epfl.gameboj.component.cpu.CpuTest

Host: Intel(R) Core(TM) i5-5200U CPU @ 2.20GHz, 4 cores, 7G,  Windows 10 , 64 bit Build 16299 (10.0.16299.15)
Time: Fri Mar 09 10:14:37 2018 Europe de l?Ouest elapsed time: 1799 seconds (0d 0h 29m 59s)

---------------  T H R E A D  ---------------

Current thread (0x000002b3b1296800):  VMThread "VM Thread" [stack: 0x000000cb7c900000,0x000000cb7ca00000] [id=6088]

Stack: [0x000000cb7c900000,0x000000cb7ca00000],  sp=0x000000cb7c9fed68,  free space=1019k
Native frames: (J=compiled Java code, j=interpreted, Vv=VM code, C=native code)
V  [jvm.dll+0x217a54]


siginfo: EXCEPTION_ACCESS_VIOLATION (0xc0000005), reading address 0x000002b3b3a0a388


Register to memory mapping:

RIP=0x00000000690e7a54 jvm.dll
RAX=0x00000000001940c0 is an unknown value
RBX=0x000002b3b3875198 is pointing into metadata
RCX=0x000002b3b38762b8 is pointing into metadata
RDX=0x000000000000ca06 is an unknown value
RSP=0x000000cb7c9fed68 is an unknown value
RBP=0x0000000000000001 is an unknown value
RSI=0x000000cb7c9ff020 is an unknown value
RDI=0x000000cb7c9ff020 is an unknown value
R8 =0x0000000000000000 is an unknown value
R9 =0x000002b3b3875198 is pointing into metadata
R10=0x000002b3b12355bc is an unknown value
R11=0x000000cb7c9fedd0 is an unknown value
R12=0x000000cb7c9ff201 is an unknown value
R13=0x0000000000000000 is an unknown value
R14=0x0000000000000001 is an unknown value
R15=0x0000000000000028 is an unknown value


Registers:
RAX=0x00000000001940c0, RBX=0x000002b3b3875198, RCX=0x000002b3b38762b8, RDX=0x000000000000ca06
RSP=0x000000cb7c9fed68, RBP=0x0000000000000001, RSI=0x000000cb7c9ff020, RDI=0x000000cb7c9ff020
R8 =0x0000000000000000, R9 =0x000002b3b3875198, R10=0x000002b3b12355bc, R11=0x000000cb7c9fedd0
R12=0x000000cb7c9ff201, R13=0x0000000000000000, R14=0x0000000000000001, R15=0x0000000000000028
RIP=0x00000000690e7a54, EFLAGS=0x0000000000010206

Top of Stack: (sp=0x000000cb7c9fed68)
0x000000cb7c9fed68:   00000000691c3c73 000000cb7c9ff0e0
0x000000cb7c9fed78:   00007ffc2ad170f9 000002b3b1235500
0x000000cb7c9fed88:   00000000691c730b 000000cb7c9ff020
0x000000cb7c9fed98:   000002b3b1235528 0000000000000000
0x000000cb7c9feda8:   00000000691c77c6 00000b987b4a5579
0x000000cb7c9fedb8:   00000000691c6a16 0000000000000001
0x000000cb7c9fedc8:   000000cb7c9fee60 000000cb7c9ff020
0x000000cb7c9fedd8:   00000000691c5fe0 000000cb7c9ff020
0x000000cb7c9fede8:   000000000000000c 0000000000000001
0x000000cb7c9fedf8:   000000cb7c9ff020 000000000000000c
0x000000cb7c9fee08:   0000000000000003 0000000000000028
0x000000cb7c9fee18:   000000000000001a 000002b3b12354d8
0x000000cb7c9fee28:   00000000691c666e 000000cb7c9ff020
0x000000cb7c9fee38:   000000cb7c9fee90 0000000000000001
0x000000cb7c9fee48:   000002b3b12354d8 0000000000006000
0x000000cb7c9fee58:   00000000691c8571 000002b3b38757b8 

Instructions: (pc=0x00000000690e7a54)
0x00000000690e7a34:   18 f7 d2 48 63 c2 48 c1 e0 05 48 8b 44 08 10 0f
0x00000000690e7a44:   b7 c0 41 0f b7 44 c1 4a c3 48 63 c2 48 c1 e0 05
0x00000000690e7a54:   48 8b 44 08 10 0f b7 d0 48 63 c2 41 0f b7 44 c1
0x00000000690e7a64:   4a c3 49 8b 41 08 48 63 ca 0f b6 44 08 04 3c 12 


VM_Operation (0x000000cb7d3ff7e0): GetOrSetLocal, mode: safepoint, requested by thread 0x000002b3b166c800


---------------  P R O C E S S  ---------------

Java Threads: ( => current thread )
  0x000002b3b1c67000 JavaThread "ReaderThread" [_thread_in_native, id=14148, stack(0x000000cb7d800000,0x000000cb7d900000)]
  0x000002b3b1685000 JavaThread "Service Thread" daemon [_thread_blocked, id=8172, stack(0x000000cb7d600000,0x000000cb7d700000)]
  0x000002b3b1672800 JavaThread "JDWP Command Reader" daemon [_thread_in_native, id=7992, stack(0x000000cb7d500000,0x000000cb7d600000)]
  0x000002b3b166f800 JavaThread "JDWP Event Helper Thread" daemon [_thread_blocked, id=5420, stack(0x000000cb7d400000,0x000000cb7d500000)]
  0x000002b3b166c800 JavaThread "JDWP Transport Listener: dt_socket" daemon [_thread_blocked, id=9572, stack(0x000000cb7d300000,0x000000cb7d400000)]
  0x000002b3b1389000 JavaThread "Common-Cleaner" daemon [_thread_blocked, id=13556, stack(0x000000cb7d200000,0x000000cb7d300000)]
  0x000002b3b1368000 JavaThread "Sweeper thread" daemon [_thread_blocked, id=13624, stack(0x000000cb7d100000,0x000000cb7d200000)]
  0x000002b3b135f800 JavaThread "C1 CompilerThread2" daemon [_thread_blocked, id=13336, stack(0x000000cb7d000000,0x000000cb7d100000)]
  0x000002b3b135d800 JavaThread "C2 CompilerThread1" daemon [_thread_blocked, id=13188, stack(0x000000cb7cf00000,0x000000cb7d000000)]
  0x000002b3b12f2800 JavaThread "C2 CompilerThread0" daemon [_thread_blocked, id=7508, stack(0x000000cb7ce00000,0x000000cb7cf00000)]
  0x000002b3b12f0800 JavaThread "Attach Listener" daemon [_thread_blocked, id=13952, stack(0x000000cb7cd00000,0x000000cb7ce00000)]
  0x000002b3b12ef800 JavaThread "Signal Dispatcher" daemon [_thread_blocked, id=13652, stack(0x000000cb7cc00000,0x000000cb7cd00000)]
  0x000002b3b12a4800 JavaThread "Finalizer" daemon [_thread_blocked, id=10676, stack(0x000000cb7cb00000,0x000000cb7cc00000)]
  0x000002b3b1299800 JavaThread "Reference Handler" daemon [_thread_blocked, id=10620, stack(0x000000cb7ca00000,0x000000cb7cb00000)]
  0x000002b38df50000 JavaThread "main" [_thread_blocked, id=11248, stack(0x000000cb7bd00000,0x000000cb7be00000)]

Other Threads:
=>0x000002b3b1296800 VMThread "VM Thread" [stack: 0x000000cb7c900000,0x000000cb7ca00000] [id=6088]
  0x000002b3b168c800 WatcherThread [stack: 0x000000cb7d700000,0x000000cb7d800000] [id=13548]
  0x000002b38df68000 GCTaskThread "GC Thread#0" [stack: 0x000000cb7be00000,0x000000cb7bf00000] [id=7340]
  0x000002b38df69800 GCTaskThread "GC Thread#1" [stack: 0x000000cb7bf00000,0x000000cb7c000000] [id=11988]
  0x000002b38df6b000 GCTaskThread "GC Thread#2" [stack: 0x000000cb7c000000,0x000000cb7c100000] [id=15328]
  0x000002b38df6d800 GCTaskThread "GC Thread#3" [stack: 0x000000cb7c100000,0x000000cb7c200000] [id=13956]
  0x000002b38dfe2800 ConcurrentGCThread "G1 Main Marker" [stack: 0x000000cb7c700000,0x000000cb7c800000] [id=2460]
  0x000002b38dfe4800 ConcurrentGCThread "G1 Marker#0" [stack: 0x000000cb7c800000,0x000000cb7c900000] [id=9228]
  0x000002b38df79000 ConcurrentGCThread "G1 Refine#0" [stack: 0x000000cb7c500000,0x000000cb7c600000] [id=1980]
  0x000002b38df76000 ConcurrentGCThread "G1 Refine#1" [stack: 0x000000cb7c400000,0x000000cb7c500000] [id=13948]
  0x000002b38df74000 ConcurrentGCThread "G1 Refine#2" [stack: 0x000000cb7c300000,0x000000cb7c400000] [id=9608]
  0x000002b38df6f800 ConcurrentGCThread "G1 Refine#3" [stack: 0x000000cb7c200000,0x000000cb7c300000] [id=12048]
  0x000002b38df7b800 ConcurrentGCThread "G1 Young RemSet Sampling" [stack: 0x000000cb7c600000,0x000000cb7c700000] [id=13828]

Threads with active compile tasks:

VM state:at safepoint (normal execution)

VM Mutex/Monitor currently owned by a thread:  ([mutex/lock_event])
[0x000002b38df4e620] Threads_lock - owner thread: 0x000002b3b1296800

Heap address: 0x0000000081200000, size: 2030 MB, Compressed Oops mode: 32-bit
Narrow klass base: 0x0000000000000000, Narrow klass shift: 3
Compressed class space size: 1073741824 Address: 0x0000000100000000

Heap:
 garbage-first heap   total 131072K, used 8798K [0x0000000081200000, 0x0000000081300400, 0x0000000100000000)
  region size 1024K, 8 young (8192K), 2 survivors (2048K)
 Metaspace       used 12680K, capacity 13490K, committed 13696K, reserved 1060864K
  class space    used 1252K, capacity 1387K, committed 1408K, reserved 1048576K
Heap Regions: E=young(eden), S=young(survivor), O=old, HS=humongous(starts), HC=humongous(continues), CS=collection set, F=free, A=archive, TS=gc time stamp, AC=allocation context, TAMS=top-at-mark-start (previous, next)
|   0|0x0000000081200000, 0x0000000081300000, 0x0000000081300000|100%| O|  |TS  1|AC  0|TAMS 0x0000000081200000, 0x0000000081200000|
|   1|0x0000000081300000, 0x0000000081397800, 0x0000000081400000| 59%| O|  |TS  1|AC  0|TAMS 0x0000000081300000, 0x0000000081300000|
|   2|0x0000000081400000, 0x0000000081400000, 0x0000000081500000|  0%| F|  |TS  0|AC  0|TAMS 0x0000000081400000, 0x0000000081400000|
|   3|0x0000000081500000, 0x0000000081500000, 0x0000000081600000|  0%| F|  |TS  0|AC  0|TAMS 0x0000000081500000, 0x0000000081500000|
|   4|0x0000000081600000, 0x0000000081600000, 0x0000000081700000|  0%| F|  |TS  0|AC  0|TAMS 0x0000000081600000, 0x0000000081600000|
|   5|0x0000000081700000, 0x0000000081700000, 0x0000000081800000|  0%| F|  |TS  0|AC  0|TAMS 0x0000000081700000, 0x0000000081700000|
|   6|0x0000000081800000, 0x0000000081800000, 0x0000000081900000|  0%| F|  |TS  0|AC  0|TAMS 0x0000000081800000, 0x0000000081800000|
|   7|0x0000000081900000, 0x0000000081900000, 0x0000000081a00000|  0%| F|  |TS  0|AC  0|TAMS 0x0000000081900000, 0x0000000081900000|
|   8|0x0000000081a00000, 0x0000000081a00000, 0x0000000081b00000|  0%| F|  |TS  0|AC  0|TAMS 0x0000000081a00000, 0x0000000081a00000|
|   9|0x0000000081b00000, 0x0000000081b00000, 0x0000000081c00000|  0%| F|  |TS  0|AC  0|TAMS 0x0000000081b00000, 0x0000000081b00000|
|  10|0x0000000081c00000, 0x0000000081c00000, 0x0000000081d00000|  0%| F|  |TS  0|AC  0|TAMS 0x0000000081c00000, 0x0000000081c00000|
|  11|0x0000000081d00000, 0x0000000081d00000, 0x0000000081e00000|  0%| F|  |TS  0|AC  0|TAMS 0x0000000081d00000, 0x0000000081d00000|
|  12|0x0000000081e00000, 0x0000000081e00000, 0x0000000081f00000|  0%| F|  |TS  0|AC  0|TAMS 0x0000000081e00000, 0x0000000081e00000|
|  13|0x0000000081f00000, 0x0000000081f00000, 0x0000000082000000|  0%| F|  |TS  0|AC  0|TAMS 0x0000000081f00000, 0x0000000081f00000|
|  14|0x0000000082000000, 0x0000000082000000, 0x0000000082100000|  0%| F|  |TS  0|AC  0|TAMS 0x0000000082000000, 0x0000000082000000|
|  15|0x0000000082100000, 0x0000000082100000, 0x0000000082200000|  0%| F|  |TS  0|AC  0|TAMS 0x0000000082100000, 0x0000000082100000|
|  16|0x0000000082200000, 0x0000000082200000, 0x0000000082300000|  0%| F|  |TS  0|AC  0|TAMS 0x0000000082200000, 0x0000000082200000|
|  17|0x0000000082300000, 0x0000000082300000, 0x0000000082400000|  0%| F|  |TS  0|AC  0|TAMS 0x0000000082300000, 0x0000000082300000|
|  18|0x0000000082400000, 0x0000000082400000, 0x0000000082500000|  0%| F|  |TS  0|AC  0|TAMS 0x0000000082400000, 0x0000000082400000|
|  19|0x0000000082500000, 0x0000000082500000, 0x0000000082600000|  0%| F|  |TS  0|AC  0|TAMS 0x0000000082500000, 0x0000000082500000|
|  20|0x0000000082600000, 0x0000000082600000, 0x0000000082700000|  0%| F|  |TS  0|AC  0|TAMS 0x0000000082600000, 0x0000000082600000|
|  21|0x0000000082700000, 0x0000000082700000, 0x0000000082800000|  0%| F|  |TS  0|AC  0|TAMS 0x0000000082700000, 0x0000000082700000|
|  22|0x0000000082800000, 0x0000000082800000, 0x0000000082900000|  0%| F|  |TS  0|AC  0|TAMS 0x0000000082800000, 0x0000000082800000|
|  23|0x0000000082900000, 0x0000000082900000, 0x0000000082a00000|  0%| F|  |TS  0|AC  0|TAMS 0x0000000082900000, 0x0000000082900000|
|  24|0x0000000082a00000, 0x0000000082a00000, 0x0000000082b00000|  0%| F|  |TS  0|AC  0|TAMS 0x0000000082a00000, 0x0000000082a00000|
|  25|0x0000000082b00000, 0x0000000082b00000, 0x0000000082c00000|  0%| F|  |TS  0|AC  0|TAMS 0x0000000082b00000, 0x0000000082b00000|
|  26|0x0000000082c00000, 0x0000000082c00000, 0x0000000082d00000|  0%| F|  |TS  0|AC  0|TAMS 0x0000000082c00000, 0x0000000082c00000|
|  27|0x0000000082d00000, 0x0000000082d00000, 0x0000000082e00000|  0%| F|  |TS  0|AC  0|TAMS 0x0000000082d00000, 0x0000000082d00000|
|  28|0x0000000082e00000, 0x0000000082e00000, 0x0000000082f00000|  0%| F|  |TS  0|AC  0|TAMS 0x0000000082e00000, 0x0000000082e00000|
|  29|0x0000000082f00000, 0x0000000082f00000, 0x0000000083000000|  0%| F|  |TS  0|AC  0|TAMS 0x0000000082f00000, 0x0000000082f00000|
|  30|0x0000000083000000, 0x0000000083000000, 0x0000000083100000|  0%| F|  |TS  0|AC  0|TAMS 0x0000000083000000, 0x0000000083000000|
|  31|0x0000000083100000, 0x0000000083100000, 0x0000000083200000|  0%| F|  |TS  0|AC  0|TAMS 0x0000000083100000, 0x0000000083100000|
|  32|0x0000000083200000, 0x0000000083200000, 0x0000000083300000|  0%| F|  |TS  0|AC  0|TAMS 0x0000000083200000, 0x0000000083200000|
|  33|0x0000000083300000, 0x0000000083300000, 0x0000000083400000|  0%| F|  |TS  0|AC  0|TAMS 0x0000000083300000, 0x0000000083300000|
|  34|0x0000000083400000, 0x0000000083400000, 0x0000000083500000|  0%| F|  |TS  0|AC  0|TAMS 0x0000000083400000, 0x0000000083400000|
|  35|0x0000000083500000, 0x0000000083500000, 0x0000000083600000|  0%| F|  |TS  0|AC  0|TAMS 0x0000000083500000, 0x0000000083500000|
|  36|0x0000000083600000, 0x0000000083600000, 0x0000000083700000|  0%| F|  |TS  0|AC  0|TAMS 0x0000000083600000, 0x0000000083600000|
|  37|0x0000000083700000, 0x0000000083700000, 0x0000000083800000|  0%| F|  |TS  0|AC  0|TAMS 0x0000000083700000, 0x0000000083700000|
|  38|0x0000000083800000, 0x0000000083800000, 0x0000000083900000|  0%| F|  |TS  0|AC  0|TAMS 0x0000000083800000, 0x0000000083800000|
|  39|0x0000000083900000, 0x0000000083900000, 0x0000000083a00000|  0%| F|  |TS  0|AC  0|TAMS 0x0000000083900000, 0x0000000083900000|
|  40|0x0000000083a00000, 0x0000000083a00000, 0x0000000083b00000|  0%| F|  |TS  0|AC  0|TAMS 0x0000000083a00000, 0x0000000083a00000|
|  41|0x0000000083b00000, 0x0000000083b00000, 0x0000000083c00000|  0%| F|  |TS  0|AC  0|TAMS 0x0000000083b00000, 0x0000000083b00000|
|  42|0x0000000083c00000, 0x0000000083c00000, 0x0000000083d00000|  0%| F|  |TS  0|AC  0|TAMS 0x0000000083c00000, 0x0000000083c00000|
|  43|0x0000000083d00000, 0x0000000083d00000, 0x0000000083e00000|  0%| F|  |TS  0|AC  0|TAMS 0x0000000083d00000, 0x0000000083d00000|
|  44|0x0000000083e00000, 0x0000000083e00000, 0x0000000083f00000|  0%| F|  |TS  0|AC  0|TAMS 0x0000000083e00000, 0x0000000083e00000|
|  45|0x0000000083f00000, 0x0000000083f00000, 0x0000000084000000|  0%| F|  |TS  0|AC  0|TAMS 0x0000000083f00000, 0x0000000083f00000|
|  46|0x0000000084000000, 0x0000000084000000, 0x0000000084100000|  0%| F|  |TS  0|AC  0|TAMS 0x0000000084000000, 0x0000000084000000|
|  47|0x0000000084100000, 0x0000000084100000, 0x0000000084200000|  0%| F|  |TS  0|AC  0|TAMS 0x0000000084100000, 0x0000000084100000|
|  48|0x0000000084200000, 0x0000000084200000, 0x0000000084300000|  0%| F|  |TS  0|AC  0|TAMS 0x0000000084200000, 0x0000000084200000|
|  49|0x0000000084300000, 0x0000000084300000, 0x0000000084400000|  0%| F|  |TS  0|AC  0|TAMS 0x0000000084300000, 0x0000000084300000|
|  50|0x0000000084400000, 0x0000000084400000, 0x0000000084500000|  0%| F|  |TS  0|AC  0|TAMS 0x0000000084400000, 0x0000000084400000|
|  51|0x0000000084500000, 0x0000000084500000, 0x0000000084600000|  0%| F|  |TS  0|AC  0|TAMS 0x0000000084500000, 0x0000000084500000|
|  52|0x0000000084600000, 0x0000000084600000, 0x0000000084700000|  0%| F|  |TS  0|AC  0|TAMS 0x0000000084600000, 0x0000000084600000|
|  53|0x0000000084700000, 0x0000000084700000, 0x0000000084800000|  0%| F|  |TS  0|AC  0|TAMS 0x0000000084700000, 0x0000000084700000|
|  54|0x0000000084800000, 0x0000000084800000, 0x0000000084900000|  0%| F|  |TS  0|AC  0|TAMS 0x0000000084800000, 0x0000000084800000|
|  55|0x0000000084900000, 0x0000000084900000, 0x0000000084a00000|  0%| F|  |TS  0|AC  0|TAMS 0x0000000084900000, 0x0000000084900000|
|  56|0x0000000084a00000, 0x0000000084a00000, 0x0000000084b00000|  0%| F|  |TS  0|AC  0|TAMS 0x0000000084a00000, 0x0000000084a00000|
|  57|0x0000000084b00000, 0x0000000084b00000, 0x0000000084c00000|  0%| F|  |TS  0|AC  0|TAMS 0x0000000084b00000, 0x0000000084b00000|
|  58|0x0000000084c00000, 0x0000000084c00000, 0x0000000084d00000|  0%| F|  |TS  0|AC  0|TAMS 0x0000000084c00000, 0x0000000084c00000|
|  59|0x0000000084d00000, 0x0000000084d00000, 0x0000000084e00000|  0%| F|  |TS  0|AC  0|TAMS 0x0000000084d00000, 0x0000000084d00000|
|  60|0x0000000084e00000, 0x0000000084e00000, 0x0000000084f00000|  0%| F|  |TS  0|AC  0|TAMS 0x0000000084e00000, 0x0000000084e00000|
|  61|0x0000000084f00000, 0x0000000084f00000, 0x0000000085000000|  0%| F|  |TS  0|AC  0|TAMS 0x0000000084f00000, 0x0000000084f00000|
|  62|0x0000000085000000, 0x0000000085000000, 0x0000000085100000|  0%| F|  |TS  0|AC  0|TAMS 0x0000000085000000, 0x0000000085000000|
|  63|0x0000000085100000, 0x0000000085100000, 0x0000000085200000|  0%| F|  |TS  0|AC  0|TAMS 0x0000000085100000, 0x0000000085100000|
|  64|0x0000000085200000, 0x0000000085200000, 0x0000000085300000|  0%| F|  |TS  0|AC  0|TAMS 0x0000000085200000, 0x0000000085200000|
|  65|0x0000000085300000, 0x0000000085300000, 0x0000000085400000|  0%| F|  |TS  0|AC  0|TAMS 0x0000000085300000, 0x0000000085300000|
|  66|0x0000000085400000, 0x0000000085400000, 0x0000000085500000|  0%| F|  |TS  0|AC  0|TAMS 0x0000000085400000, 0x0000000085400000|
|  67|0x0000000085500000, 0x0000000085500000, 0x0000000085600000|  0%| F|  |TS  0|AC  0|TAMS 0x0000000085500000, 0x0000000085500000|
|  68|0x0000000085600000, 0x0000000085600000, 0x0000000085700000|  0%| F|  |TS  0|AC  0|TAMS 0x0000000085600000, 0x0000000085600000|
|  69|0x0000000085700000, 0x0000000085700000, 0x0000000085800000|  0%| F|  |TS  0|AC  0|TAMS 0x0000000085700000, 0x0000000085700000|
|  70|0x0000000085800000, 0x0000000085800000, 0x0000000085900000|  0%| F|  |TS  0|AC  0|TAMS 0x0000000085800000, 0x0000000085800000|
|  71|0x0000000085900000, 0x0000000085900000, 0x0000000085a00000|  0%| F|  |TS  0|AC  0|TAMS 0x0000000085900000, 0x0000000085900000|
|  72|0x0000000085a00000, 0x0000000085a00000, 0x0000000085b00000|  0%| F|  |TS  0|AC  0|TAMS 0x0000000085a00000, 0x0000000085a00000|
|  73|0x0000000085b00000, 0x0000000085b00000, 0x0000000085c00000|  0%| F|  |TS  0|AC  0|TAMS 0x0000000085b00000, 0x0000000085b00000|
|  74|0x0000000085c00000, 0x0000000085c00000, 0x0000000085d00000|  0%| F|  |TS  0|AC  0|TAMS 0x0000000085c00000, 0x0000000085c00000|
|  75|0x0000000085d00000, 0x0000000085d00000, 0x0000000085e00000|  0%| F|  |TS  0|AC  0|TAMS 0x0000000085d00000, 0x0000000085d00000|
|  76|0x0000000085e00000, 0x0000000085e00000, 0x0000000085f00000|  0%| F|  |TS  0|AC  0|TAMS 0x0000000085e00000, 0x0000000085e00000|
|  77|0x0000000085f00000, 0x0000000085f00000, 0x0000000086000000|  0%| F|  |TS  0|AC  0|TAMS 0x0000000085f00000, 0x0000000085f00000|
|  78|0x0000000086000000, 0x0000000086000000, 0x0000000086100000|  0%| F|  |TS  0|AC  0|TAMS 0x0000000086000000, 0x0000000086000000|
|  79|0x0000000086100000, 0x0000000086100000, 0x0000000086200000|  0%| F|  |TS  0|AC  0|TAMS 0x0000000086100000, 0x0000000086100000|
|  80|0x0000000086200000, 0x0000000086200000, 0x0000000086300000|  0%| F|  |TS  0|AC  0|TAMS 0x0000000086200000, 0x0000000086200000|
|  81|0x0000000086300000, 0x0000000086300000, 0x0000000086400000|  0%| F|  |TS  0|AC  0|TAMS 0x0000000086300000, 0x0000000086300000|
|  82|0x0000000086400000, 0x0000000086400000, 0x0000000086500000|  0%| F|  |TS  0|AC  0|TAMS 0x0000000086400000, 0x0000000086400000|
|  83|0x0000000086500000, 0x0000000086500000, 0x0000000086600000|  0%| F|  |TS  0|AC  0|TAMS 0x0000000086500000, 0x0000000086500000|
|  84|0x0000000086600000, 0x0000000086600000, 0x0000000086700000|  0%| F|  |TS  0|AC  0|TAMS 0x0000000086600000, 0x0000000086600000|
|  85|0x0000000086700000, 0x0000000086700000, 0x0000000086800000|  0%| F|  |TS  0|AC  0|TAMS 0x0000000086700000, 0x0000000086700000|
|  86|0x0000000086800000, 0x0000000086800000, 0x0000000086900000|  0%| F|  |TS  0|AC  0|TAMS 0x0000000086800000, 0x0000000086800000|
|  87|0x0000000086900000, 0x0000000086900000, 0x0000000086a00000|  0%| F|  |TS  0|AC  0|TAMS 0x0000000086900000, 0x0000000086900000|
|  88|0x0000000086a00000, 0x0000000086a00000, 0x0000000086b00000|  0%| F|  |TS  0|AC  0|TAMS 0x0000000086a00000, 0x0000000086a00000|
|  89|0x0000000086b00000, 0x0000000086b00000, 0x0000000086c00000|  0%| F|  |TS  0|AC  0|TAMS 0x0000000086b00000, 0x0000000086b00000|
|  90|0x0000000086c00000, 0x0000000086c00000, 0x0000000086d00000|  0%| F|  |TS  0|AC  0|TAMS 0x0000000086c00000, 0x0000000086c00000|
|  91|0x0000000086d00000, 0x0000000086d00000, 0x0000000086e00000|  0%| F|  |TS  0|AC  0|TAMS 0x0000000086d00000, 0x0000000086d00000|
|  92|0x0000000086e00000, 0x0000000086e00000, 0x0000000086f00000|  0%| F|  |TS  0|AC  0|TAMS 0x0000000086e00000, 0x0000000086e00000|
|  93|0x0000000086f00000, 0x0000000086f00000, 0x0000000087000000|  0%| F|  |TS  0|AC  0|TAMS 0x0000000086f00000, 0x0000000086f00000|
|  94|0x0000000087000000, 0x0000000087000000, 0x0000000087100000|  0%| F|  |TS  0|AC  0|TAMS 0x0000000087000000, 0x0000000087000000|
|  95|0x0000000087100000, 0x0000000087100000, 0x0000000087200000|  0%| F|  |TS  0|AC  0|TAMS 0x0000000087100000, 0x0000000087100000|
|  96|0x0000000087200000, 0x0000000087200000, 0x0000000087300000|  0%| F|  |TS  0|AC  0|TAMS 0x0000000087200000, 0x0000000087200000|
|  97|0x0000000087300000, 0x0000000087300000, 0x0000000087400000|  0%| F|  |TS  0|AC  0|TAMS 0x0000000087300000, 0x0000000087300000|
|  98|0x0000000087400000, 0x0000000087400000, 0x0000000087500000|  0%| F|  |TS  0|AC  0|TAMS 0x0000000087400000, 0x0000000087400000|
|  99|0x0000000087500000, 0x0000000087500000, 0x0000000087600000|  0%| F|  |TS  0|AC  0|TAMS 0x0000000087500000, 0x0000000087500000|
| 100|0x0000000087600000, 0x0000000087600000, 0x0000000087700000|  0%| F|  |TS  0|AC  0|TAMS 0x0000000087600000, 0x0000000087600000|
| 101|0x0000000087700000, 0x0000000087700000, 0x0000000087800000|  0%| F|  |TS  0|AC  0|TAMS 0x0000000087700000, 0x0000000087700000|
| 102|0x0000000087800000, 0x0000000087800000, 0x0000000087900000|  0%| F|  |TS  0|AC  0|TAMS 0x0000000087800000, 0x0000000087800000|
| 103|0x0000000087900000, 0x0000000087900000, 0x0000000087a00000|  0%| F|  |TS  0|AC  0|TAMS 0x0000000087900000, 0x0000000087900000|
| 104|0x0000000087a00000, 0x0000000087a00000, 0x0000000087b00000|  0%| F|  |TS  0|AC  0|TAMS 0x0000000087a00000, 0x0000000087a00000|
| 105|0x0000000087b00000, 0x0000000087b00000, 0x0000000087c00000|  0%| F|  |TS  0|AC  0|TAMS 0x0000000087b00000, 0x0000000087b00000|
| 106|0x0000000087c00000, 0x0000000087c00000, 0x0000000087d00000|  0%| F|  |TS  0|AC  0|TAMS 0x0000000087c00000, 0x0000000087c00000|
| 107|0x0000000087d00000, 0x0000000087d00000, 0x0000000087e00000|  0%| F|  |TS  0|AC  0|TAMS 0x0000000087d00000, 0x0000000087d00000|
| 108|0x0000000087e00000, 0x0000000087e00000, 0x0000000087f00000|  0%| F|  |TS  0|AC  0|TAMS 0x0000000087e00000, 0x0000000087e00000|
| 109|0x0000000087f00000, 0x0000000087f00000, 0x0000000088000000|  0%| F|  |TS  0|AC  0|TAMS 0x0000000087f00000, 0x0000000087f00000|
| 110|0x0000000088000000, 0x0000000088000000, 0x0000000088100000|  0%| F|  |TS  0|AC  0|TAMS 0x0000000088000000, 0x0000000088000000|
| 111|0x0000000088100000, 0x0000000088100000, 0x0000000088200000|  0%| F|  |TS  0|AC  0|TAMS 0x0000000088100000, 0x0000000088100000|
| 112|0x0000000088200000, 0x0000000088300000, 0x0000000088300000|100%| S|CS|TS  1|AC  0|TAMS 0x0000000088200000, 0x0000000088200000|
| 113|0x0000000088300000, 0x0000000088400000, 0x0000000088400000|100%| S|CS|TS  1|AC  0|TAMS 0x0000000088300000, 0x0000000088300000|
| 114|0x0000000088400000, 0x0000000088400000, 0x0000000088500000|  0%| F|  |TS  1|AC  0|TAMS 0x0000000088400000, 0x0000000088400000|
| 115|0x0000000088500000, 0x0000000088500000, 0x0000000088600000|  0%| F|  |TS  1|AC  0|TAMS 0x0000000088500000, 0x0000000088500000|
| 116|0x0000000088600000, 0x0000000088600000, 0x0000000088700000|  0%| F|  |TS  1|AC  0|TAMS 0x0000000088600000, 0x0000000088600000|
| 117|0x0000000088700000, 0x0000000088700000, 0x0000000088800000|  0%| F|  |TS  1|AC  0|TAMS 0x0000000088700000, 0x0000000088700000|
| 118|0x0000000088800000, 0x0000000088800000, 0x0000000088900000|  0%| F|  |TS  1|AC  0|TAMS 0x0000000088800000, 0x0000000088800000|
| 119|0x0000000088900000, 0x0000000088900000, 0x0000000088a00000|  0%| F|  |TS  1|AC  0|TAMS 0x0000000088900000, 0x0000000088900000|
| 120|0x0000000088a00000, 0x0000000088a00000, 0x0000000088b00000|  0%| F|  |TS  1|AC  0|TAMS 0x0000000088a00000, 0x0000000088a00000|
| 121|0x0000000088b00000, 0x0000000088b00000, 0x0000000088c00000|  0%| F|  |TS  1|AC  0|TAMS 0x0000000088b00000, 0x0000000088b00000|
| 122|0x0000000088c00000, 0x0000000088d00000, 0x0000000088d00000|100%| E|  |TS  1|AC  0|TAMS 0x0000000088c00000, 0x0000000088c00000|
| 123|0x0000000088d00000, 0x0000000088e00000, 0x0000000088e00000|100%| E|CS|TS  1|AC  0|TAMS 0x0000000088d00000, 0x0000000088d00000|
| 124|0x0000000088e00000, 0x0000000088f00000, 0x0000000088f00000|100%| E|CS|TS  1|AC  0|TAMS 0x0000000088e00000, 0x0000000088e00000|
| 125|0x0000000088f00000, 0x0000000089000000, 0x0000000089000000|100%| E|CS|TS  1|AC  0|TAMS 0x0000000088f00000, 0x0000000088f00000|
| 126|0x0000000089000000, 0x0000000089100000, 0x0000000089100000|100%| E|CS|TS  1|AC  0|TAMS 0x0000000089000000, 0x0000000089000000|
| 127|0x0000000089100000, 0x0000000089200000, 0x0000000089200000|100%| E|CS|TS  1|AC  0|TAMS 0x0000000089100000, 0x0000000089100000|

Card table byte_map: [0x000002b3a9c60000,0x000002b3aa060000] byte_map_base: 0x000002b3a9857000

Marking Bits (Prev, Next): (CMBitMap*) 0x000002b38dfe1a80, (CMBitMap*) 0x000002b38dfe1ab8
 Prev Bits: [0x000002b3aa460000, 0x000002b3ac418000)
 Next Bits: [0x000002b3ac420000, 0x000002b3ae3d8000)

Polling page: 0x000002b38bd60000

CodeHeap 'non-profiled nmethods': size=120064Kb used=428Kb max_used=428Kb free=119636Kb
 bounds [0x000002b3a18f0000, 0x000002b3a1b60000, 0x000002b3a8e30000]
CodeHeap 'profiled nmethods': size=120000Kb used=2463Kb max_used=2463Kb free=117536Kb
 bounds [0x000002b39a3c0000, 0x000002b39a630000, 0x000002b3a18f0000]
CodeHeap 'non-nmethods': size=5696Kb used=1212Kb max_used=1254Kb free=4483Kb
 bounds [0x000002b399e30000, 0x000002b39a0a0000, 0x000002b39a3c0000]
 total_blobs=1802 nmethods=1194 adapters=281
 compilation: enabled

Compilation events (10 events):
Event: 1.506 Thread 0x000002b3b135f800 1189       3       java.net.URL::toString (5 bytes)
Event: 1.506 Thread 0x000002b3b135f800 nmethod 1189 0x000002b39a626790 code [0x000002b39a626940, 0x000002b39a626c50]
Event: 1.510 Thread 0x000002b3b12f2800 nmethod 1151 0x000002b3a1958190 code [0x000002b3a19583c0, 0x000002b3a1959690]
Event: 1.514 Thread 0x000002b3b135d800 nmethod 1188 0x000002b3a195a010 code [0x000002b3a195a1a0, 0x000002b3a195a518]
Event: 1.515 Thread 0x000002b3b135f800 1190       3       java.lang.Enum::<init> (15 bytes)
Event: 1.515 Thread 0x000002b3b135f800 nmethod 1190 0x000002b39a626d90 code [0x000002b39a626f40, 0x000002b39a627158]
Event: 1.516 Thread 0x000002b3b135f800 1191       3       ch.epfl.gameboj.component.cpu.Opcode::<init> (17 bytes)
Event: 1.516 Thread 0x000002b3b135f800 nmethod 1191 0x000002b39a627210 code [0x000002b39a6273c0, 0x000002b39a6275b0]
Event: 1.516 Thread 0x000002b3b135f800 1192       3       ch.epfl.gameboj.component.cpu.Opcode::<init> (42 bytes)
Event: 1.517 Thread 0x000002b3b135f800 nmethod 1192 0x000002b39a627690 code [0x000002b39a627860, 0x000002b39a627bb8]

GC Heap History (2 events):
Event: 1.256 GC heap before
{Heap before GC invocations=0 (full 0):
 garbage-first heap   total 131072K, used 14336K [0x0000000081200000, 0x0000000081300400, 0x0000000100000000)
  region size 1024K, 14 young (14336K), 0 survivors (0K)
 Metaspace       used 11177K, capacity 11650K, committed 11904K, reserved 1060864K
  class space    used 1074K, capacity 1149K, committed 1152K, reserved 1048576K
}
Event: 1.268 GC heap after
{Heap after GC invocations=1 (full 0):
 garbage-first heap   total 131072K, used 3678K [0x0000000081200000, 0x0000000081300400, 0x0000000100000000)
  region size 1024K, 2 young (2048K), 2 survivors (2048K)
 Metaspace       used 11177K, capacity 11650K, committed 11904K, reserved 1060864K
  class space    used 1074K, capacity 1149K, committed 1152K, reserved 1048576K
}

Deoptimization events (10 events):
Event: 0.299 Thread 0x000002b38df50000 Uncommon trap: reason=range_check action=reinterpret pc=0x000002b3a18f3b10 method=java.lang.StringLatin1.indexOf([BII)I @ 13 c2
Event: 0.448 Thread 0x000002b38df50000 Uncommon trap: reason=unstable_if action=reinterpret pc=0x000002b3a18f32fc method=java.lang.String.charAt(I)C @ 4 c2
Event: 0.963 Thread 0x000002b38df50000 Uncommon trap: reason=class_check action=maybe_recompile pc=0x000002b3a1913080 method=java.util.HashMap.putVal(ILjava/lang/Object;Ljava/lang/Object;ZZ)Ljava/lang/Object; @ 91 c2
Event: 1.239 Thread 0x000002b38df50000 Uncommon trap: reason=unstable_if action=reinterpret pc=0x000002b3a192d51c method=java.util.HashMap.getNode(ILjava/lang/Object;)Ljava/util/HashMap$Node; @ 62 c2
Event: 1.239 Thread 0x000002b38df50000 Uncommon trap: reason=class_check action=maybe_recompile pc=0x000002b3a1913080 method=java.util.HashMap.putVal(ILjava/lang/Object;Ljava/lang/Object;ZZ)Ljava/lang/Object; @ 91 c2
Event: 1.239 Thread 0x000002b38df50000 Uncommon trap: reason=unstable_if action=reinterpret pc=0x000002b3a1921bf0 method=java.util.HashMap.getNode(ILjava/lang/Object;)Ljava/util/HashMap$Node; @ 62 c2
Event: 1.239 Thread 0x000002b38df50000 Uncommon trap: reason=class_check action=maybe_recompile pc=0x000002b3a1913080 method=java.util.HashMap.putVal(ILjava/lang/Object;Ljava/lang/Object;ZZ)Ljava/lang/Object; @ 91 c2
Event: 1.240 Thread 0x000002b38df50000 Uncommon trap: reason=class_check action=maybe_recompile pc=0x000002b3a1913080 method=java.util.HashMap.putVal(ILjava/lang/Object;Ljava/lang/Object;ZZ)Ljava/lang/Object; @ 91 c2
Event: 1.280 Thread 0x000002b38df50000 Uncommon trap: reason=class_check action=maybe_recompile pc=0x000002b3a193d96c method=java.util.HashMap.putVal(ILjava/lang/Object;Ljava/lang/Object;ZZ)Ljava/lang/Object; @ 253 c2
Event: 1.286 Thread 0x000002b38df50000 Uncommon trap: reason=class_check action=maybe_recompile pc=0x000002b3a193d96c method=java.util.HashMap.putVal(ILjava/lang/Object;Ljava/lang/Object;ZZ)Ljava/lang/Object; @ 253 c2

Classes redefined (10 events):
Event: 356.347 Thread 0x000002b3b1296800 redefined class name=ch.epfl.gameboj.component.cpu.Cpu$Reg, count=7
Event: 392.446 Thread 0x000002b3b1296800 redefined class name=ch.epfl.gameboj.component.cpu.CpuTest, count=4
Event: 410.632 Thread 0x000002b3b1296800 redefined class name=ch.epfl.gameboj.component.cpu.CpuTest, count=5
Event: 426.258 Thread 0x000002b3b1296800 redefined class name=ch.epfl.gameboj.component.cpu.CpuTest, count=6
Event: 486.890 Thread 0x000002b3b1296800 redefined class name=ch.epfl.gameboj.component.cpu.CpuTest, count=7
Event: 1746.371 Thread 0x000002b3b1296800 redefined class name=ch.epfl.gameboj.component.cpu.Cpu, count=8
Event: 1746.376 Thread 0x000002b3b1296800 redefined class name=ch.epfl.gameboj.component.cpu.Cpu$Reg, count=8
Event: 1772.210 Thread 0x000002b3b1296800 redefined class name=ch.epfl.gameboj.component.cpu.CpuTest, count=8
Event: 1794.070 Thread 0x000002b3b1296800 redefined class name=ch.epfl.gameboj.component.cpu.Cpu, count=9
Event: 1794.078 Thread 0x000002b3b1296800 redefined class name=ch.epfl.gameboj.component.cpu.Cpu$Reg, count=9

Internal exceptions (10 events):
Event: 1.294 Thread 0x000002b38df50000 Exception <a 'java/lang/NoSuchMethodError'{0x00000000891721b0}: java.lang.invoke.DirectMethodHandle$Holder.invokeInterface(Ljava/lang/Object;Ljava/lang/Object;)V> (0x00000000891721b0) thrown at [t:/workspace/hotspot/src/share/vm/interpreter/linkResolver.c
Event: 1.295 Thread 0x000002b38df50000 Exception <a 'java/lang/IncompatibleClassChangeError'{0x0000000089174db8}: Found class java.lang.Object, but interface was expected> (0x0000000089174db8) thrown at [t:/workspace/hotspot/src/share/vm/interpreter/linkResolver.cpp, line 793]
Event: 1.297 Thread 0x000002b38df50000 Exception <a 'java/lang/NoSuchMethodError'{0x0000000089179ee8}: java.lang.Object.lambda$accept$0(Lorg/junit/platform/engine/TestDescriptor$Visitor;Lorg/junit/platform/engine/TestDescriptor;)V> (0x0000000089179ee8) thrown at [t:/workspace/hotspot/src/share
Event: 1.300 Thread 0x000002b38df50000 Exception <a 'java/lang/NoSuchMethodError'{0x0000000089180ff8}: java.lang.Object.containsTests(Lorg/junit/platform/engine/TestDescriptor;)Z> (0x0000000089180ff8) thrown at [t:/workspace/hotspot/src/share/vm/interpreter/linkResolver.cpp, line 731]
Event: 1.331 Thread 0x000002b38df50000 Exception <a 'java/lang/NoSuchMethodError'{0x00000000890a5f70}: java.lang.Object.lambda$adaptFilter$0(Lorg/junit/platform/engine/Filter;Ljava/util/function/Function;Ljava/lang/Object;)Lorg/junit/platform/engine/FilterResult;> (0x00000000890a5f70) thrown a
Event: 1.335 Thread 0x000002b38df50000 Exception <a 'java/lang/NoSuchMethodError'{0x00000000890b1678}: java.lang.Object.lambda$toPredicate$1(Ljava/lang/Object;)Z> (0x00000000890b1678) thrown at [t:/workspace/hotspot/src/share/vm/interpreter/linkResolver.cpp, line 731]
Event: 1.337 Thread 0x000002b38df50000 Exception <a 'java/lang/NoSuchMethodError'{0x00000000890b3df8}: java.lang.Object.lambda$and$0(Ljava/util/function/Predicate;Ljava/lang/Object;)Z> (0x00000000890b3df8) thrown at [t:/workspace/hotspot/src/share/vm/interpreter/linkResolver.cpp, line 731]
Event: 1.368 Thread 0x000002b38df50000 Exception <a 'java/lang/NoSuchMethodError'{0x0000000088f36868}: java.lang.invoke.DirectMethodHandle$Holder.invokeStatic(Ljava/lang/Object;Ljava/lang/Object;Ljava/lang/Object;Ljava/lang/Object;)I> (0x0000000088f36868) thrown at [t:/workspace/hotspot/src/sh
Event: 1.376 Thread 0x000002b38df50000 Exception <a 'java/lang/NoSuchMethodError'{0x0000000088f51218}: java.lang.invoke.DirectMethodHandle$Holder.invokeInterface(Ljava/lang/Object;Ljava/lang/Object;Ljava/lang/Object;)V> (0x0000000088f51218) thrown at [t:/workspace/hotspot/src/share/vm/interpre
Event: 1.458 Thread 0x000002b38df50000 Exception <a 'java/lang/NoSuchMethodError'{0x0000000088d0e9d0}: method resolution failed> (0x0000000088d0e9d0) thrown at [t:/workspace/hotspot/src/share/vm/prims/methodHandles.cpp, line 1256]

Events (10 events):
Event: 1794.085 Executing VM operation: GetFrameLocation done
Event: 1794.101 Executing VM operation: GetFrameCount
Event: 1794.101 Executing VM operation: GetFrameCount done
Event: 1794.101 Executing VM operation: GetOwnedMonitorInfo
Event: 1794.101 Executing VM operation: GetOwnedMonitorInfo done
Event: 1794.102 Executing VM operation: GetCurrentContendedMonitor
Event: 1794.102 Executing VM operation: GetCurrentContendedMonitor done
Event: 1799.789 Executing VM operation: GetFrameLocation
Event: 1799.789 Executing VM operation: GetFrameLocation done
Event: 1799.789 Executing VM operation: GetOrSetLocal


Dynamic libraries:
0x00007ff702330000 - 0x00007ff70236e000 	C:\Program Files\Java\jdk-9.0.4\bin\javaw.exe
0x00007ffc41dc0000 - 0x00007ffc41fa0000 	C:\WINDOWS\SYSTEM32\ntdll.dll
0x00007ffc40720000 - 0x00007ffc407ce000 	C:\WINDOWS\System32\KERNEL32.DLL
0x00007ffc3f020000 - 0x00007ffc3f286000 	C:\WINDOWS\System32\KERNELBASE.dll
0x00007ffc41ce0000 - 0x00007ffc41d81000 	C:\WINDOWS\System32\ADVAPI32.dll
0x00007ffc407d0000 - 0x00007ffc4086d000 	C:\WINDOWS\System32\msvcrt.dll
0x00007ffc40870000 - 0x00007ffc408cb000 	C:\WINDOWS\System32\sechost.dll
0x00007ffc41540000 - 0x00007ffc4165f000 	C:\WINDOWS\System32\RPCRT4.dll
0x00007ffc41b50000 - 0x00007ffc41cdf000 	C:\WINDOWS\System32\USER32.dll
0x00007ffc3e1c0000 - 0x00007ffc3e1e0000 	C:\WINDOWS\System32\win32u.dll
0x00007ffc406f0000 - 0x00007ffc40718000 	C:\WINDOWS\System32\GDI32.dll
0x00007ffc3ee30000 - 0x00007ffc3efc3000 	C:\WINDOWS\System32\gdi32full.dll
0x00007ffc3ed90000 - 0x00007ffc3ee2b000 	C:\WINDOWS\System32\msvcp_win.dll
0x00007ffc3e290000 - 0x00007ffc3e386000 	C:\WINDOWS\System32\ucrtbase.dll
0x00007ffc34470000 - 0x00007ffc346d9000 	C:\WINDOWS\WinSxS\amd64_microsoft.windows.common-controls_6595b64144ccf1df_6.0.16299.248_none_15ced204935f55d7\COMCTL32.dll
0x00007ffc37ea0000 - 0x00007ffc37eaa000 	C:\WINDOWS\SYSTEM32\VERSION.dll
0x00007ffc416d0000 - 0x00007ffc419d8000 	C:\WINDOWS\System32\combase.dll
0x00007ffc3ed10000 - 0x00007ffc3ed82000 	C:\WINDOWS\System32\bcryptPrimitives.dll
0x00007ffc41510000 - 0x00007ffc4153d000 	C:\WINDOWS\System32\IMM32.DLL
0x00007ffc2acf0000 - 0x00007ffc2addf000 	C:\Program Files\Java\jdk-9.0.4\bin\msvcr120.dll
0x00007ffc359f0000 - 0x00007ffc35a96000 	C:\Program Files\Java\jdk-9.0.4\bin\msvcp120.dll
0x0000000068ed0000 - 0x00000000698f5000 	C:\Program Files\Java\jdk-9.0.4\bin\server\jvm.dll
0x00007ffc41250000 - 0x00007ffc41258000 	C:\WINDOWS\System32\PSAPI.DLL
0x00007ffc3ab70000 - 0x00007ffc3ab79000 	C:\WINDOWS\SYSTEM32\WSOCK32.dll
0x00007ffc414a0000 - 0x00007ffc4150c000 	C:\WINDOWS\System32\WS2_32.dll
0x00007ffc3a6a0000 - 0x00007ffc3a6c3000 	C:\WINDOWS\SYSTEM32\WINMM.dll
0x00007ffc3a640000 - 0x00007ffc3a66a000 	C:\WINDOWS\SYSTEM32\WINMMBASE.dll
0x00007ffc3efd0000 - 0x00007ffc3f01a000 	C:\WINDOWS\System32\cfgmgr32.dll
0x00007ffc3abd0000 - 0x00007ffc3abdf000 	C:\Program Files\Java\jdk-9.0.4\bin\verify.dll
0x00007ffc35bc0000 - 0x00007ffc35be7000 	C:\Program Files\Java\jdk-9.0.4\bin\java.dll
0x00007ffc351a0000 - 0x00007ffc351d6000 	C:\Program Files\Java\jdk-9.0.4\bin\jdwp.dll
0x00007ffc34d90000 - 0x00007ffc34da6000 	C:\Program Files\Java\jdk-9.0.4\bin\zip.dll
0x00007ffc3abb0000 - 0x00007ffc3abba000 	C:\Program Files\Java\jdk-9.0.4\bin\jimage.dll
0x00007ffc3f290000 - 0x00007ffc406c6000 	C:\WINDOWS\System32\SHELL32.dll
0x00007ffc40da0000 - 0x00007ffc40e46000 	C:\WINDOWS\System32\shcore.dll
0x00007ffc3e5c0000 - 0x00007ffc3ed07000 	C:\WINDOWS\System32\windows.storage.dll
0x00007ffc41440000 - 0x00007ffc41491000 	C:\WINDOWS\System32\shlwapi.dll
0x00007ffc3e1a0000 - 0x00007ffc3e1b1000 	C:\WINDOWS\System32\kernel.appcore.dll
0x00007ffc3e150000 - 0x00007ffc3e19c000 	C:\WINDOWS\System32\powrprof.dll
0x00007ffc3e130000 - 0x00007ffc3e14b000 	C:\WINDOWS\System32\profapi.dll
0x00007ffc328a0000 - 0x00007ffc328ba000 	C:\Program Files\Java\jdk-9.0.4\bin\net.dll
0x00007ffc37880000 - 0x00007ffc3795e000 	C:\WINDOWS\SYSTEM32\WINHTTP.dll
0x00007ffc3d9a0000 - 0x00007ffc3da06000 	C:\WINDOWS\system32\mswsock.dll
0x00007ffc32880000 - 0x00007ffc32891000 	C:\Program Files\Java\jdk-9.0.4\bin\nio.dll
0x00007ffc3a6e0000 - 0x00007ffc3a6ea000 	C:\Program Files\Java\jdk-9.0.4\bin\dt_socket.dll
0x00007ffc3d770000 - 0x00007ffc3d826000 	C:\WINDOWS\SYSTEM32\DNSAPI.dll
0x00007ffc416c0000 - 0x00007ffc416c8000 	C:\WINDOWS\System32\NSI.dll
0x00007ffc3d730000 - 0x00007ffc3d769000 	C:\WINDOWS\SYSTEM32\IPHLPAPI.DLL
0x00007ffc32af0000 - 0x00007ffc32b60000 	C:\WINDOWS\System32\fwpuclnt.dll
0x00007ffc3dc70000 - 0x00007ffc3dc95000 	C:\WINDOWS\SYSTEM32\bcrypt.dll
0x00007ffc326a0000 - 0x00007ffc326aa000 	C:\Windows\System32\rasadhlp.dll
0x00007ffc1ea30000 - 0x00007ffc1ebf8000 	C:\WINDOWS\SYSTEM32\dbghelp.dll

VM Arguments:
jvm_args: -agentlib:jdwp=transport=dt_socket,suspend=y,address=localhost:61067 -ea -Dfile.encoding=UTF-8 
java_command: org.eclipse.jdt.internal.junit.runner.RemoteTestRunner -version 3 -port 61066 -testLoaderClass org.eclipse.jdt.internal.junit5.runner.JUnit5TestLoader -loaderpluginname org.eclipse.jdt.junit5.runtime -classNames ch.epfl.gameboj.component.cpu.CpuTest
java_class_path (initial): C:\Users\David\workspace\Projet gameboj\bin;C:\Users\David\.p2\pool\plugins\org.junit.jupiter.api_5.0.0.v20170910-2246.jar;C:\Users\David\.p2\pool\plugins\org.junit.jupiter.engine_5.0.0.v20170910-2246.jar;C:\Users\David\.p2\pool\plugins\org.junit.jupiter.migrationsupport_5.0.0.v20170910-2246.jar;C:\Users\David\.p2\pool\plugins\org.junit.jupiter.params_5.0.0.v20170910-2246.jar;C:\Users\David\.p2\pool\plugins\org.junit.platform.commons_1.0.0.v20170910-2246.jar;C:\Users\David\.p2\pool\plugins\org.junit.platform.engine_1.0.0.v20170910-2246.jar;C:\Users\David\.p2\pool\plugins\org.junit.platform.launcher_1.0.0.v20170910-2246.jar;C:\Users\David\.p2\pool\plugins\org.junit.platform.runner_1.0.0.v20170910-2246.jar;C:\Users\David\.p2\pool\plugins\org.junit.platform.suite.api_1.0.0.v20170910-2246.jar;C:\Users\David\.p2\pool\plugins\org.junit.vintage.engine_4.12.0.v20170910-2246.jar;C:\Users\David\.p2\pool\plugins\org.opentest4j_1.0.0.v20170910-2246.jar;C:\Users\David\.p2\pool\plugins\org.apiguardian_1.0.0.v20170910-2246.jar;C:\Users\David\.p2\pool\plugins\org.junit_4.12.0.v201504281640\junit.jar;C:\Users\David\.p2\pool\plugins\org.hamcrest.core_1.3.0.v201303031735.jar;C:\Users\David\eclipse\java-oxygen2\eclipse\configuration\org.eclipse.osgi\231\0\.cp;C:\Users\David\eclipse\java-oxygen2\eclipse\configuration\org.eclipse.osgi\229\0\.cp
Launcher Type: SUN_STANDARD

Logging:
Log output configuration:
#0: stdout all=warning uptime,level,tags
#1: stderr all=off uptime,level,tags

Environment Variables:
PATH=C:/Program Files/Java/jre1.8.0_101/bin/server;C:/Program Files/Java/jre1.8.0_101/bin;C:/Program Files/Java/jre1.8.0_101/lib/amd64;C:\ProgramData\Oracle\Java\javapath;C:\WINDOWS\system32;C:\WINDOWS;C:\WINDOWS\System32\Wbem;C:\WINDOWS\System32\WindowsPowerShell\v1.0\C:\Program Files\Java\jdk1.8.0_101\bin;C:\Program Files\Java\jdk1.8.0_101\bin;C:\WINDOWS\System32\WindowsPowerShell\v1.0\;C:\Program Files (x86)\Skype\Phone\;C:\WINDOWS\system32\config\systemprofile\AppData\Local\Microsoft\WindowsApps;;C:\Users\David\AppData\Local\Microsoft\WindowsApps;C:\WINDOWS\System32;
USERNAME=David
OS=Windows_NT
PROCESSOR_IDENTIFIER=Intel64 Family 6 Model 61 Stepping 4, GenuineIntel



---------------  S Y S T E M  ---------------

OS: Windows 10 , 64 bit Build 16299 (10.0.16299.15)

CPU:total 4 (initial active 4) (2 cores per cpu, 2 threads per core) family 6 model 61 stepping 4, cmov, cx8, fxsr, mmx, sse, sse2, sse3, ssse3, sse4.1, sse4.2, popcnt, avx, avx2, aes, clmul, erms, 3dnowpref, lzcnt, ht, tsc, tscinvbit, bmi1, bmi2, adx, fma

Memory: 4k page, physical 8309008k(3296736k free), swap 9619728k(3681944k free)

vm_info: Java HotSpot(TM) 64-Bit Server VM (9.0.4+11) for windows-amd64 JRE (9.0.4+11), built on Dec 20 2017 02:18:54 by "mach5one" with MS VC++ 12.0 (VS2013)

END.
